C:\USERS\ADAM\DOCUMENTS\VISUAL STUDIO 2012\PROJECTS\GAME ENGINE DESIGN\MYGAMEENGINE\MYGAMEENGINE\MYGAMEENGINE\DEBUG\CLOCK.OBJ
C:\USERS\ADAM\DOCUMENTS\VISUAL STUDIO 2012\PROJECTS\GAME ENGINE DESIGN\MYGAMEENGINE\MYGAMEENGINE\MYGAMEENGINE\DEBUG\GAMEENGINE.OBJ
C:\USERS\ADAM\DOCUMENTS\VISUAL STUDIO 2012\PROJECTS\GAME ENGINE DESIGN\MYGAMEENGINE\MYGAMEENGINE\MYGAMEENGINE\DEBUG\LOADSHADERS.OBJ
C:\USERS\ADAM\DOCUMENTS\VISUAL STUDIO 2012\PROJECTS\GAME ENGINE DESIGN\MYGAMEENGINE\MYGAMEENGINE\MYGAMEENGINE\DEBUG\LOGGER.OBJ
C:\USERS\ADAM\DOCUMENTS\VISUAL STUDIO 2012\PROJECTS\GAME ENGINE DESIGN\MYGAMEENGINE\MYGAMEENGINE\MYGAMEENGINE\DEBUG\OPENGLRENDERER.OBJ
C:\USERS\ADAM\DOCUMENTS\VISUAL STUDIO 2012\PROJECTS\GAME ENGINE DESIGN\MYGAMEENGINE\MYGAMEENGINE\MYGAMEENGINE\DEBUG\SIMPLEMODEL.OBJ
C:\USERS\ADAM\DOCUMENTS\VISUAL STUDIO 2012\PROJECTS\GAME ENGINE DESIGN\MYGAMEENGINE\MYGAMEENGINE\MYGAMEENGINE\DEBUG\VC110.PDB
C:\USERS\ADAM\DOCUMENTS\VISUAL STUDIO 2012\PROJECTS\GAME ENGINE DESIGN\MYGAMEENGINE\MYGAMEENGINE\MYGAMEENGINE\DEBUG\CAMERA.OBJ
C:\USERS\ADAM\DOCUMENTS\VISUAL STUDIO 2012\PROJECTS\GAME ENGINE DESIGN\MYGAMEENGINE\MYGAMEENGINE\MYGAMEENGINE\DEBUG\SCENEMANAGER.OBJ
C:\USERS\ADAM\DOCUMENTS\VISUAL STUDIO 2012\PROJECTS\GAME ENGINE DESIGN\MYGAMEENGINE\MYGAMEENGINE\MYGAMEENGINE\DEBUG\SCENEGRAPH.OBJ
C:\USERS\ADAM\DOCUMENTS\VISUAL STUDIO 2012\PROJECTS\GAME ENGINE DESIGN\MYGAMEENGINE\MYGAMEENGINE\MYGAMEENGINE\DEBUG\SCENENODE.OBJ
C:\USERS\ADAM\DOCUMENTS\VISUAL STUDIO 2012\PROJECTS\GAME ENGINE DESIGN\MYGAMEENGINE\MYGAMEENGINE\DEBUG\MYGAMEENGINE.LIB
C:\Users\Adam\Documents\Visual Studio 2012\Projects\Game Engine Design\MyGameEngine\MyGameEngine\MyGameEngine\Debug\Camera.obj
C:\Users\Adam\Documents\Visual Studio 2012\Projects\Game Engine Design\MyGameEngine\MyGameEngine\MyGameEngine\Debug\Clock.obj
C:\Users\Adam\Documents\Visual Studio 2012\Projects\Game Engine Design\MyGameEngine\MyGameEngine\MyGameEngine\Debug\GameEngine.obj
C:\Users\Adam\Documents\Visual Studio 2012\Projects\Game Engine Design\MyGameEngine\MyGameEngine\MyGameEngine\Debug\LoadShaders.obj
C:\Users\Adam\Documents\Visual Studio 2012\Projects\Game Engine Design\MyGameEngine\MyGameEngine\MyGameEngine\Debug\Logger.obj
C:\Users\Adam\Documents\Visual Studio 2012\Projects\Game Engine Design\MyGameEngine\MyGameEngine\MyGameEngine\Debug\OpenGLRenderer.obj
C:\Users\Adam\Documents\Visual Studio 2012\Projects\Game Engine Design\MyGameEngine\MyGameEngine\MyGameEngine\Debug\SceneGraph.obj
C:\Users\Adam\Documents\Visual Studio 2012\Projects\Game Engine Design\MyGameEngine\MyGameEngine\MyGameEngine\Debug\SceneManager.obj
C:\Users\Adam\Documents\Visual Studio 2012\Projects\Game Engine Design\MyGameEngine\MyGameEngine\MyGameEngine\Debug\SceneNode.obj
C:\Users\Adam\Documents\Visual Studio 2012\Projects\Game Engine Design\MyGameEngine\MyGameEngine\MyGameEngine\Debug\SimpleModel.obj
C:\Users\Adam\Documents\Visual Studio 2012\Projects\Game Engine Design\MyGameEngine\MyGameEngine\MyGameEngine\Debug\cl.command.1.tlog
C:\Users\Adam\Documents\Visual Studio 2012\Projects\Game Engine Design\MyGameEngine\MyGameEngine\MyGameEngine\Debug\CL.read.1.tlog
C:\Users\Adam\Documents\Visual Studio 2012\Projects\Game Engine Design\MyGameEngine\MyGameEngine\MyGameEngine\Debug\CL.write.1.tlog
C:\Users\Adam\Documents\Visual Studio 2012\Projects\Game Engine Design\MyGameEngine\MyGameEngine\MyGameEngine\Debug\Lib-link.read.1.tlog
C:\Users\Adam\Documents\Visual Studio 2012\Projects\Game Engine Design\MyGameEngine\MyGameEngine\MyGameEngine\Debug\Lib-link.write.1.tlog
C:\Users\Adam\Documents\Visual Studio 2012\Projects\Game Engine Design\MyGameEngine\MyGameEngine\MyGameEngine\Debug\lib.command.1.tlog
C:\Users\Adam\Documents\Visual Studio 2012\Projects\Game Engine Design\MyGameEngine\MyGameEngine\MyGameEngine\Debug\vc110.idb
C:\Users\Adam\Documents\Visual Studio 2012\Projects\Game Engine Design\MyGameEngine\MyGameEngine\MyGameEngine\Debug\vc110.pdb
C:\Users\Adam\Documents\Visual Studio 2012\Projects\Game Engine Design\MyGameEngine\MyGameEngine\Debug\MyGameEngine.lib
